# JRE version: Java(TM) SE Runtime Environment (8.0_11-b12) (build 1.8.0_11-b12)
# Java VM: Java HotSpot(TM) 64-Bit Server VM (25.11-b03 mixed mode windows-amd64 compressed oops)
Heap:
 PSYoungGen      total 11264K, used 4103K [0x000000076b100000, 0x000000076be80000, 0x00000007c0000000)
  eden space 10240K, 30% used [0x000000076b100000,0x000000076b408fd8,0x000000076bb00000)
  from space 1024K, 97% used [0x000000076bc80000,0x000000076bd78d40,0x000000076bd80000)
  to   space 1536K, 0% used [0x000000076bb00000,0x000000076bb00000,0x000000076bc80000)
 ParOldGen       total 260608K, used 3518K [0x00000006c1200000, 0x00000006d1080000, 0x000000076b100000)
  object space 260608K, 1% used [0x00000006c1200000,0x00000006c156f978,0x00000006d1080000)
 Metaspace       used 4292K, capacity 5392K, committed 5632K, reserved 1056768K
  class space    used 426K, capacity 456K, committed 512K, reserved 1048576K
GC Heap History (10 events):
Event: 0.317 GC heap before
{Heap before GC invocations=8 (full 0):
 PSYoungGen      total 3072K, used 2448K [0x000000076b100000, 0x000000076b700000, 0x00000007c0000000)
  eden space 2048K, 100% used [0x000000076b100000,0x000000076b300000,0x000000076b300000)
  from space 1024K, 39% used [0x000000076b300000,0x000000076b364010,0x000000076b400000)
  to   space 1024K, 0% used [0x000000076b600000,0x000000076b600000,0x000000076b700000)
 ParOldGen       total 260608K, used 880K [0x00000006c1200000, 0x00000006d1080000, 0x000000076b100000)
  object space 260608K, 0% used [0x00000006c1200000,0x00000006c12dc368,0x00000006d1080000)
 Metaspace       used 3489K, capacity 4976K, committed 5120K, reserved 1056768K
  class space    used 357K, capacity 424K, committed 512K, reserved 1048576K
Event: 0.318 GC heap after
Heap after GC invocations=8 (full 0):
 PSYoungGen      total 5120K, used 528K [0x000000076b100000, 0x000000076b700000, 0x00000007c0000000)
  eden space 4096K, 0% used [0x000000076b100000,0x000000076b100000,0x000000076b500000)
  from space 1024K, 51% used [0x000000076b600000,0x000000076b684010,0x000000076b700000)
  to   space 1024K, 0% used [0x000000076b500000,0x000000076b500000,0x000000076b600000)
 ParOldGen       total 260608K, used 944K [0x00000006c1200000, 0x00000006d1080000, 0x000000076b100000)
  object space 260608K, 0% used [0x00000006c1200000,0x00000006c12ec368,0x00000006d1080000)
 Metaspace       used 3489K, capacity 4976K, committed 5120K, reserved 1056768K
  class space    used 357K, capacity 424K, committed 512K, reserved 1048576K
}
Event: 0.324 GC heap before
{Heap before GC invocations=9 (full 0):
 PSYoungGen      total 5120K, used 4624K [0x000000076b100000, 0x000000076b700000, 0x00000007c0000000)
  eden space 4096K, 100% used [0x000000076b100000,0x000000076b500000,0x000000076b500000)
  from space 1024K, 51% used [0x000000076b600000,0x000000076b684010,0x000000076b700000)
  to   space 1024K, 0% used [0x000000076b500000,0x000000076b500000,0x000000076b600000)
 ParOldGen       total 260608K, used 944K [0x00000006c1200000, 0x00000006d1080000, 0x000000076b100000)
  object space 260608K, 0% used [0x00000006c1200000,0x00000006c12ec368,0x00000006d1080000)
 Metaspace       used 3489K, capacity 4976K, committed 5120K, reserved 1056768K
  class space    used 357K, capacity 424K, committed 512K, reserved 1048576K
Event: 0.331 GC heap after
Heap after GC invocations=9 (full 0):
 PSYoungGen      total 5120K, used 576K [0x000000076b100000, 0x000000076b980000, 0x00000007c0000000)
  eden space 4096K, 0% used [0x000000076b100000,0x000000076b100000,0x000000076b500000)
  from space 1024K, 56% used [0x000000076b500000,0x000000076b590000,0x000000076b600000)
  to   space 1024K, 0% used [0x000000076b880000,0x000000076b880000,0x000000076b980000)
 ParOldGen       total 260608K, used 1128K [0x00000006c1200000, 0x00000006d1080000, 0x000000076b100000)
  object space 260608K, 0% used [0x00000006c1200000,0x00000006c131a398,0x00000006d1080000)
 Metaspace       used 3489K, capacity 4976K, committed 5120K, reserved 1056768K
  class space    used 357K, capacity 424K, committed 512K, reserved 1048576K
}
Event: 0.338 GC heap before
{Heap before GC invocations=10 (full 0):
 PSYoungGen      total 5120K, used 4672K [0x000000076b100000, 0x000000076b980000, 0x00000007c0000000)
  eden space 4096K, 100% used [0x000000076b100000,0x000000076b500000,0x000000076b500000)
  from space 1024K, 56% used [0x000000076b500000,0x000000076b590000,0x000000076b600000)
  to   space 1024K, 0% used [0x000000076b880000,0x000000076b880000,0x000000076b980000)
 ParOldGen       total 260608K, used 1128K [0x00000006c1200000, 0x00000006d1080000, 0x000000076b100000)
  object space 260608K, 0% used [0x00000006c1200000,0x00000006c131a398,0x00000006d1080000)
 Metaspace       used 3489K, capacity 4976K, committed 5120K, reserved 1056768K
  class space    used 357K, capacity 424K, committed 512K, reserved 1048576K
Event: 0.343 GC heap after
Heap after GC invocations=10 (full 0):
 PSYoungGen      total 7680K, used 608K [0x000000076b100000, 0x000000076b980000, 0x00000007c0000000)
  eden space 6656K, 0% used [0x000000076b100000,0x000000076b100000,0x000000076b780000)
  from space 1024K, 59% used [0x000000076b880000,0x000000076b918000,0x000000076b980000)
  to   space 1024K, 0% used [0x000000076b780000,0x000000076b780000,0x000000076b880000)
 ParOldGen       total 260608K, used 1408K [0x00000006c1200000, 0x00000006d1080000, 0x000000076b100000)
  object space 260608K, 0% used [0x00000006c1200000,0x00000006c1360398,0x00000006d1080000)
 Metaspace       used 3489K, capacity 4976K, committed 5120K, reserved 1056768K
  class space    used 357K, capacity 424K, committed 512K, reserved 1048576K
}
Event: 0.353 GC heap before
{Heap before GC invocations=11 (full 0):
 PSYoungGen      total 7680K, used 7264K [0x000000076b100000, 0x000000076b980000, 0x00000007c0000000)
  eden space 6656K, 100% used [0x000000076b100000,0x000000076b780000,0x000000076b780000)
  from space 1024K, 59% used [0x000000076b880000,0x000000076b918000,0x000000076b980000)
  to   space 1024K, 0% used [0x000000076b780000,0x000000076b780000,0x000000076b880000)
 ParOldGen       total 260608K, used 1408K [0x00000006c1200000, 0x00000006d1080000, 0x000000076b100000)
  object space 260608K, 0% used [0x00000006c1200000,0x00000006c1360398,0x00000006d1080000)
 Metaspace       used 3490K, capacity 4976K, committed 5120K, reserved 1056768K
  class space    used 357K, capacity 424K, committed 512K, reserved 1048576K
Event: 0.354 GC heap after
Heap after GC invocations=11 (full 0):
 PSYoungGen      total 7680K, used 629K [0x000000076b100000, 0x000000076bd80000, 0x00000007c0000000)
  eden space 6656K, 0% used [0x000000076b100000,0x000000076b100000,0x000000076b780000)
  from space 1024K, 61% used [0x000000076b780000,0x000000076b81d550,0x000000076b880000)
  to   space 1024K, 0% used [0x000000076bc80000,0x000000076bc80000,0x000000076bd80000)
 ParOldGen       total 260608K, used 1968K [0x00000006c1200000, 0x00000006d1080000, 0x000000076b100000)
  object space 260608K, 0% used [0x00000006c1200000,0x00000006c13ec398,0x00000006d1080000)
 Metaspace       used 3490K, capacity 4976K, committed 5120K, reserved 1056768K
  class space    used 357K, capacity 424K, committed 512K, reserved 1048576K
}
Event: 186.444 GC heap before
{Heap before GC invocations=12 (full 0):
 PSYoungGen      total 7680K, used 7285K [0x000000076b100000, 0x000000076bd80000, 0x00000007c0000000)
  eden space 6656K, 100% used [0x000000076b100000,0x000000076b780000,0x000000076b780000)
  from space 1024K, 61% used [0x000000076b780000,0x000000076b81d550,0x000000076b880000)
  to   space 1024K, 0% used [0x000000076bc80000,0x000000076bc80000,0x000000076bd80000)
 ParOldGen       total 260608K, used 1968K [0x00000006c1200000, 0x00000006d1080000, 0x000000076b100000)
  object space 260608K, 0% used [0x00000006c1200000,0x00000006c13ec398,0x00000006d1080000)
 Metaspace       used 4167K, capacity 5328K, committed 5632K, reserved 1056768K
  class space    used 414K, capacity 456K, committed 512K, reserved 1048576K
Event: 186.446 GC heap after
Heap after GC invocations=12 (full 0):
 PSYoungGen      total 11264K, used 995K [0x000000076b100000, 0x000000076be80000, 0x00000007c0000000)
  eden space 10240K, 0% used [0x000000076b100000,0x000000076b100000,0x000000076bb00000)
  from space 1024K, 97% used [0x000000076bc80000,0x000000076bd78d40,0x000000076bd80000)
  to   space 1536K, 0% used [0x000000076bb00000,0x000000076bb00000,0x000000076bc80000)
 ParOldGen       total 260608K, used 3518K [0x00000006c1200000, 0x00000006d1080000, 0x000000076b100000)
  object space 260608K, 1% used [0x00000006c1200000,0x00000006c156f978,0x00000006d1080000)
 Metaspace       used 4167K, capacity 5328K, committed 5632K, reserved 1056768K
  class space    used 414K, capacity 456K, committed 512K, reserved 1048576K
}

